07-Aug-23 19:29:51 - root - [ ready ]
07-Aug-23 19:29:51 - root - [ commit ]
07-Aug-23 19:48:16 - root - [ ready ]
07-Aug-23 19:48:21 - root - [ abort ]
07-Aug-23 19:48:21 - root - [ abort ]
07-Aug-23 19:48:21 - root - [ abort ]
07-Aug-23 19:56:21 - root - [ ready ]
07-Aug-23 19:56:39 - root - [ ready ]
07-Aug-23 19:57:52 - root - [ ready ]
07-Aug-23 19:57:55 - root - [ ready ]
07-Aug-23 19:57:55 - root - [ commit ]
07-Aug-23 19:57:55 - root - [ commit ]
07-Aug-23 19:59:13 - root - [ abort ]
07-Aug-23 19:59:17 - root - [ abort ]
07-Aug-23 19:59:17 - root - [ abort ]
07-Aug-23 19:59:17 - root - [ abort ]
07-Aug-23 21:19:06 - root - [ node: Ready to commit ]
07-Aug-23 21:19:09 - root - [ node: Ready to commit ]
07-Aug-23 21:20:15 - root - [ node: Aborting ]
07-Aug-23 21:20:18 - root - [ node: Aborting ]
07-Aug-23 21:20:55 - root - [ node: Aborting ]
07-Aug-23 21:20:58 - root - [ node: Aborting ]
07-Aug-23 21:22:28 - root - [ node: Ready to commit ]
07-Aug-23 21:22:31 - root - [ node: Ready to commit ]
07-Aug-23 21:57:53 - root - [ node: Ready to commit ]
07-Aug-23 21:57:56 - root - [ node: Ready to commit ]
