07-Aug-23 19:26:50 - root - [ begin_commit ]
07-Aug-23 19:27:36 - root - [ commit ]
07-Aug-23 19:27:36 - root - [ transaction_ended ]
07-Aug-23 19:29:41 - root - [ begin_commit ]
07-Aug-23 19:29:51 - root - [ commit ]
07-Aug-23 19:29:51 - root - [ transaction_ended ]
07-Aug-23 19:47:58 - root - [ begin_commit ]
07-Aug-23 19:48:21 - root - [ abort ]
07-Aug-23 19:48:21 - root - [ transaction_ended ]
07-Aug-23 19:55:57 - root - [ begin_commit ]
07-Aug-23 19:57:49 - root - [ begin_commit ]
07-Aug-23 19:57:55 - root - [ commit ]
07-Aug-23 19:57:55 - root - [ transaction_ended ]
07-Aug-23 19:59:09 - root - [ begin_commit ]
07-Aug-23 19:59:17 - root - [ abort ]
07-Aug-23 19:59:17 - root - [ transaction_ended ]
07-Aug-23 20:05:52 - root - [ begin_commit ]
07-Aug-23 20:09:43 - root - [ begin_commit ]
07-Aug-23 20:31:57 - root - [ Coordinator: Initiating transaction ]
07-Aug-23 20:32:21 - root - [ Coordinator: Committing transaction ]
07-Aug-23 20:32:21 - root - [ Coordinator: Transaction ended ]
07-Aug-23 20:35:14 - root - [ Coordinator: Initiating transaction ]
07-Aug-23 20:35:20 - root - [ Coordinator: Aborting transaction ]
07-Aug-23 20:35:20 - root - [ Coordinator: Transaction ended ]
07-Aug-23 20:35:44 - root - [ Coordinator: Initiating transaction ]
07-Aug-23 20:39:42 - root - [ Coordinator: Initiating transaction ]
07-Aug-23 20:39:50 - root - [ Coordinator: Aborting transaction ]
07-Aug-23 20:39:50 - root - [ Coordinator: Transaction ended ]
07-Aug-23 20:40:53 - root - [ Coordinator: Initiating transaction ]
07-Aug-23 21:00:32 - root - [ Coordinator: Initiating transaction ]
07-Aug-23 21:00:44 - root - [ Coordinator: Committing transaction ]
07-Aug-23 21:00:44 - root - [ Coordinator: Transaction ended ]
07-Aug-23 21:00:53 - root - [ Coordinator: Initiating transaction ]
07-Aug-23 21:00:59 - root - [ Coordinator: Aborting transaction ]
07-Aug-23 21:00:59 - root - [ Coordinator: Transaction ended ]
07-Aug-23 21:02:08 - root - [ Coordinator: Initiating transaction ]
07-Aug-23 21:02:27 - root - [ Coordinator: Aborting transaction ]
07-Aug-23 21:02:27 - root - [ Coordinator: Transaction ended ]
07-Aug-23 21:03:19 - root - [ Coordinator: Initiating transaction ]
07-Aug-23 21:03:25 - root - [ Coordinator: Committing transaction ]
07-Aug-23 21:03:30 - root - [ Coordinator: Transaction ended ]
07-Aug-23 21:04:55 - root - [ Coordinator: Initiating transaction ]
07-Aug-23 21:05:02 - root - [ Coordinator: Committing transaction ]
07-Aug-23 21:05:17 - root - [ Coordinator: Transaction ended ]
07-Aug-23 21:16:39 - root - [ TC: Initiating transaction ]
07-Aug-23 21:16:39 - root - [ TC: Committing transaction ]
07-Aug-23 21:19:02 - root - [ TC: Initiating transaction ]
07-Aug-23 21:19:09 - root - [ TC: Committing transaction ]
07-Aug-23 21:19:24 - root - [ TC: Transaction ended ]
07-Aug-23 21:20:12 - root - [ TC: Initiating transaction ]
07-Aug-23 21:20:18 - root - [ TC: Aborting transaction ]
07-Aug-23 21:20:18 - root - [ TC: Transaction ended ]
07-Aug-23 21:20:49 - root - [ TC: Initiating transaction ]
07-Aug-23 21:20:58 - root - [ TC: Aborting transaction ]
07-Aug-23 21:20:58 - root - [ TC: Transaction ended ]
07-Aug-23 21:22:23 - root - [ TC: Initiating transaction ]
07-Aug-23 21:22:31 - root - [ TC: Committing transaction ]
07-Aug-23 21:22:46 - root - [ TC: Transaction ended ]
07-Aug-23 21:37:43 - root - [ TC: Initiating transaction ]
07-Aug-23 21:42:44 - root - [ TC: Initiating transaction ]
07-Aug-23 21:48:30 - root - [ TC: Initiating transaction ]
07-Aug-23 21:54:37 - root - [ TC: Initiating transaction ]
07-Aug-23 21:57:44 - root - [ TC: Initiating transaction ]
07-Aug-23 21:58:03 - root - [ TC: Committing transaction ]
07-Aug-23 21:58:03 - root - [ TC: Transaction ended ]
